bb_len = 0
plan_id = 85eeb56c
Number of CSV rows: 5
plan_file = /mnt/c/Users/sachi/new_sm/simplemind/working-85eeb56c/runtime/plan.json
[Configure] Tool: clahe_image-image_resize-85eeb56c
[Configure] execute_arg_values: {'input_image': 'from input_image-85eeb56c', 'target_shape': (1, 1, 512, 512), 'order': 3}
[Configure] clahe_image-image_resize-85eeb56c (input_image) is listening for: ['input_image-85eeb56c', 'dataset:c58c9f24']
clahe_image-image_resize-85eeb56c listening for: input_image
[Configure] Tool: clahe_image-image_norm-85eeb56c
[Configure] execute_arg_values: {'input_image': 'from clahe_image-image_resize-85eeb56c'}
[Configure] clahe_image-image_norm-85eeb56c (input_image) is listening for: ['clahe_image-image_resize-85eeb56c', 'dataset:c58c9f24']
clahe_image-image_norm-85eeb56c listening for: input_image
[Configure] Tool: clahe_image-85eeb56c
[Configure] execute_arg_values: {'input_image': 'from clahe_image-image_norm-85eeb56c', 'nbins': 256, 'clip_limit': 0.03}
[Configure] clahe_image-85eeb56c (input_image) is listening for: ['clahe_image-image_norm-85eeb56c', 'dataset:c58c9f24']
clahe_image-85eeb56c listening for: input_image
[Configure] Tool: input_image-save_png-85eeb56c
[Configure] execute_arg_values: {'input_image': 'from SMImage dataset:c58c9f24', 'output_dir': './samples'}
[Configure] input_image-save_png-85eeb56c (input_image) is listening for: ['SMImage', 'dataset:c58c9f24', 'dataset:c58c9f24']
input_image-save_png-85eeb56c listening for: input_image
[Configure] Tool: input_image-85eeb56c
[Configure] execute_arg_values: {'image_bytes': 'from image file nifti dataset:c58c9f24', 'label_mask_bytes': 'from mask file nifti dataset:c58c9f24'}
[Configure] input_image-85eeb56c (image_bytes) is listening for: ['image', 'file', 'nifti', 'dataset:c58c9f24', 'dataset:c58c9f24']
[Configure] input_image-85eeb56c (label_mask_bytes) is listening for: ['mask', 'file', 'nifti', 'dataset:c58c9f24', 'dataset:c58c9f24']
input_image-85eeb56c listening for: image_bytes
input_image-85eeb56c received tags: ['nifti', 'image', 'file', 'dataset:c58c9f24', 'sample:0', 'total:5', 'result']
input_image-85eeb56c listening for: label_mask_bytes
input_image-85eeb56c received tags: ['nifti', 'mask', 'file', 'dataset:c58c9f24', 'sample:0', 'total:5', 'result']
input_image-85eeb56c: nifti file received
input_image-85eeb56c listening for: image_bytes
input_image-85eeb56c received tags: ['nifti', 'image', 'file', 'dataset:c58c9f24', 'sample:1', 'total:5', 'result']
input_image-85eeb56c listening for: label_mask_bytes
input_image-85eeb56c received tags: ['nifti', 'mask', 'file', 'dataset:c58c9f24', 'sample:1', 'total:5', 'result']
input_image-85eeb56c: nifti file received
input_image-save_png-85eeb56c received tags: ['input_image-85eeb56c', 'SMImage', 'dataset:c58c9f24', 'sample:0', 'total:5', 'execute', 'result', 'input_image']
clahe_image-image_resize-85eeb56c received tags: ['input_image-85eeb56c', 'SMImage', 'dataset:c58c9f24', 'sample:0', 'total:5', 'execute', 'result', 'input_image']
[Configure] Tool: lungs-85eeb56c
[Configure] execute_arg_values: {'input_image': 'from lungs-torch_seg-85eeb56c', 'target_image': 'from input_image-85eeb56c', 'order': 3, 'preserve_values': True}
[Configure] lungs-85eeb56c (input_image) is listening for: ['lungs-torch_seg-85eeb56c', 'dataset:c58c9f24']
[Configure] lungs-85eeb56c (target_image) is listening for: ['input_image-85eeb56c', 'dataset:c58c9f24']
lungs-85eeb56c listening for: input_image
input_image-85eeb56c listening for: image_bytes
input_image-85eeb56c received tags: ['nifti', 'image', 'file', 'dataset:c58c9f24', 'sample:2', 'total:5', 'result']
input_image-85eeb56c listening for: label_mask_bytes
input_image-85eeb56c received tags: ['nifti', 'mask', 'file', 'dataset:c58c9f24', 'sample:2', 'total:5', 'result']
input_image-85eeb56c: nifti file received
[Configure] Tool: lungs-save_png-85eeb56c
[Configure] execute_arg_values: {'input_image': 'from input_image-85eeb56c', 'input_mask': 'from lungs-85eeb56c', 'output_dir': './samples', 'filename': 'lungs_overlay', 'mask_alpha': 0.5, 'title': 'Lungs', 'mask_none': False}
[Configure] lungs-save_png-85eeb56c (input_image) is listening for: ['input_image-85eeb56c', 'dataset:c58c9f24']
[Configure] lungs-save_png-85eeb56c (input_mask) is listening for: ['lungs-85eeb56c', 'dataset:c58c9f24']
lungs-save_png-85eeb56c listening for: input_image
lungs-save_png-85eeb56c received tags: ['input_image-85eeb56c', 'SMImage', 'dataset:c58c9f24', 'sample:0', 'total:5', 'execute', 'result', 'input_image']
lungs-save_png-85eeb56c listening for: input_mask
input_image-85eeb56c listening for: image_bytes
input_image-85eeb56c received tags: ['nifti', 'image', 'file', 'dataset:c58c9f24', 'sample:3', 'total:5', 'result']
input_image-85eeb56c listening for: label_mask_bytes
input_image-85eeb56c received tags: ['nifti', 'mask', 'file', 'dataset:c58c9f24', 'sample:3', 'total:5', 'result']
input_image-85eeb56c: nifti file received
input_image-85eeb56c listening for: image_bytes
input_image-85eeb56c received tags: ['nifti', 'image', 'file', 'dataset:c58c9f24', 'sample:4', 'total:5', 'result']
input_image-85eeb56c listening for: label_mask_bytes
input_image-85eeb56c received tags: ['nifti', 'mask', 'file', 'dataset:c58c9f24', 'sample:4', 'total:5', 'result']
input_image-85eeb56c: nifti file received
input_image-save_png-85eeb56c listening for: input_image
input_image-save_png-85eeb56c received tags: ['input_image-85eeb56c', 'SMImage', 'dataset:c58c9f24', 'sample:1', 'total:5', 'execute', 'result', 'input_image']
clahe_image-image_resize-85eeb56c (dataset='c58c9f24', sample=0, total=5): new image dimensions: (1, 1, 512, 512)
clahe_image-image_resize-85eeb56c listening for: input_image
clahe_image-image_norm-85eeb56c received tags: ['clahe_image-image_resize-85eeb56c', 'SMImage', 'dataset:c58c9f24', 'sample:0', 'total:5', 'execute', 'result']
clahe_image-image_resize-85eeb56c received tags: ['input_image-85eeb56c', 'SMImage', 'dataset:c58c9f24', 'sample:1', 'total:5', 'execute', 'result', 'input_image']
input_image-85eeb56c listening for: image_bytes
clahe_image-image_norm-85eeb56c listening for: input_image
clahe_image-85eeb56c received tags: ['clahe_image-image_norm-85eeb56c', 'SMImage', 'dataset:c58c9f24', 'sample:0', 'total:5', 'execute', 'result']
[Configure] Tool: trachea-mask_morph_close-85eeb56c
[Configure] execute_arg_values: {'input_image': 'from trachea-torch_seg-85eeb56c', 'morphological_task': 'close'}
[Configure] trachea-mask_morph_close-85eeb56c (input_image) is listening for: ['trachea-torch_seg-85eeb56c', 'dataset:c58c9f24']
trachea-mask_morph_close-85eeb56c listening for: input_image
clahe_image-85eeb56c listening for: input_image
[Configure] Tool: trachea-mask_orig_size-85eeb56c
[Configure] execute_arg_values: {'input_image': 'from trachea-mask_morph_close-85eeb56c', 'target_image': 'from input_image-85eeb56c', 'order': 3, 'preserve_values': True}
[Configure] trachea-mask_orig_size-85eeb56c (input_image) is listening for: ['trachea-mask_morph_close-85eeb56c', 'dataset:c58c9f24']
[Configure] trachea-mask_orig_size-85eeb56c (target_image) is listening for: ['input_image-85eeb56c', 'dataset:c58c9f24']
trachea-mask_orig_size-85eeb56c listening for: input_image
[Configure] Tool: trachea-conn_comp-85eeb56c
[Configure] execute_arg_values: {'input_image': 'from trachea-mask_orig_size-85eeb56c', 'voxel_count_threshold': 100}
[Configure] trachea-conn_comp-85eeb56c (input_image) is listening for: ['trachea-mask_orig_size-85eeb56c', 'dataset:c58c9f24']
trachea-conn_comp-85eeb56c listening for: input_image
input_image-save_png-85eeb56c listening for: input_image
input_image-save_png-85eeb56c received tags: ['input_image-85eeb56c', 'SMImage', 'dataset:c58c9f24', 'sample:2', 'total:5', 'execute', 'result', 'input_image']
clahe_image-image_resize-85eeb56c (dataset='c58c9f24', sample=1, total=5): new image dimensions: (1, 1, 512, 512)
clahe_image-image_resize-85eeb56c listening for: input_image
clahe_image-image_resize-85eeb56c received tags: ['input_image-85eeb56c', 'SMImage', 'dataset:c58c9f24', 'sample:2', 'total:5', 'execute', 'result', 'input_image']
clahe_image-image_norm-85eeb56c received tags: ['clahe_image-image_resize-85eeb56c', 'SMImage', 'dataset:c58c9f24', 'sample:1', 'total:5', 'execute', 'result']
clahe_image-image_norm-85eeb56c listening for: input_image
clahe_image-85eeb56c received tags: ['clahe_image-image_norm-85eeb56c', 'SMImage', 'dataset:c58c9f24', 'sample:1', 'total:5', 'execute', 'result']
[Configure] Tool: trachea-decision_tree-85eeb56c
[Configure] execute_arg_values: {'candidate_masks': 'from trachea-conn_comp-85eeb56c'}
[Configure] trachea-decision_tree-85eeb56c (candidate_masks) is listening for: ['trachea-conn_comp-85eeb56c', 'dataset:c58c9f24']
trachea-decision_tree-85eeb56c listening for: candidate_masks
clahe_image-85eeb56c listening for: input_image
input_image-save_png-85eeb56c listening for: input_image
input_image-save_png-85eeb56c received tags: ['input_image-85eeb56c', 'SMImage', 'dataset:c58c9f24', 'sample:3', 'total:5', 'execute', 'result', 'input_image']
[Configure] Tool: lungs-torch_seg-85eeb56c
[Configure] execute_arg_values: {'input_image': 'from clahe_image-85eeb56c', 'map_output_dir': './samples'}
[Configure] lungs-torch_seg-85eeb56c (input_image) is listening for: ['clahe_image-85eeb56c', 'dataset:c58c9f24']
[Configure] Tool: trachea-85eeb56c
[Configure] execute_arg_values: {'candidate_masks': 'from trachea-conn_comp-85eeb56c', 'candidate_confidences': 'from trachea-decision_tree-85eeb56c', 'threshold': 0.5, 'largest_only': True}
[Configure] trachea-85eeb56c (candidate_masks) is listening for: ['trachea-conn_comp-85eeb56c', 'dataset:c58c9f24']
[Configure] trachea-85eeb56c (candidate_confidences) is listening for: ['trachea-decision_tree-85eeb56c', 'dataset:c58c9f24']
trachea-85eeb56c listening for: candidate_masks
[Configure] Tool: trachea-save_png-85eeb56c
[Configure] execute_arg_values: {'input_image': 'from input_image-85eeb56c', 'input_mask': 'from trachea-85eeb56c', 'output_dir': './samples', 'filename': 'trachea_overlay', 'mask_alpha': 0.5, 'title': 'Trachea', 'mask_none': False}
[Configure] trachea-save_png-85eeb56c (input_image) is listening for: ['input_image-85eeb56c', 'dataset:c58c9f24']
[Configure] trachea-save_png-85eeb56c (input_mask) is listening for: ['trachea-85eeb56c', 'dataset:c58c9f24']
trachea-save_png-85eeb56c listening for: input_image
[Configure] Tool: trachea-torch_seg-85eeb56c
[Configure] execute_arg_values: {'input_image': 'from clahe_image-85eeb56c', 'map_output_dir': './samples'}
[Configure] trachea-torch_seg-85eeb56c (input_image) is listening for: ['clahe_image-85eeb56c', 'dataset:c58c9f24']
trachea-save_png-85eeb56c received tags: ['input_image-85eeb56c', 'SMImage', 'dataset:c58c9f24', 'sample:0', 'total:5', 'execute', 'result', 'input_image']
clahe_image-image_resize-85eeb56c (dataset='c58c9f24', sample=2, total=5): new image dimensions: (1, 1, 512, 512)
clahe_image-image_resize-85eeb56c listening for: input_image
clahe_image-image_resize-85eeb56c received tags: ['input_image-85eeb56c', 'SMImage', 'dataset:c58c9f24', 'sample:3', 'total:5', 'execute', 'result', 'input_image']
clahe_image-image_norm-85eeb56c received tags: ['clahe_image-image_resize-85eeb56c', 'SMImage', 'dataset:c58c9f24', 'sample:2', 'total:5', 'execute', 'result']
clahe_image-image_norm-85eeb56c listening for: input_image
trachea-save_png-85eeb56c listening for: input_mask
clahe_image-85eeb56c received tags: ['clahe_image-image_norm-85eeb56c', 'SMImage', 'dataset:c58c9f24', 'sample:2', 'total:5', 'execute', 'result']
lungs-torch_seg-85eeb56c listening for: input_image
clahe_image-85eeb56c listening for: input_image
lungs-torch_seg-85eeb56c received tags: ['clahe_image-85eeb56c', 'SMImage', 'dataset:c58c9f24', 'sample:0', 'total:5', 'execute', 'result', 'clahe_image']
trachea-torch_seg-85eeb56c listening for: input_image
input_image-save_png-85eeb56c listening for: input_image
input_image-save_png-85eeb56c received tags: ['clahe_image-image_resize-85eeb56c', 'SMImage', 'dataset:c58c9f24', 'sample:0', 'total:5', 'execute', 'result']
trachea-torch_seg-85eeb56c received tags: ['clahe_image-85eeb56c', 'SMImage', 'dataset:c58c9f24', 'sample:0', 'total:5', 'execute', 'result', 'clahe_image']
input_image-save_png-85eeb56c listening for: input_image
input_image-save_png-85eeb56c received tags: ['input_image-85eeb56c', 'SMImage', 'dataset:c58c9f24', 'sample:4', 'total:5', 'execute', 'result', 'input_image']
clahe_image-image_resize-85eeb56c (dataset='c58c9f24', sample=3, total=5): new image dimensions: (1, 1, 512, 512)
clahe_image-image_resize-85eeb56c listening for: input_image
clahe_image-image_resize-85eeb56c received tags: ['input_image-85eeb56c', 'SMImage', 'dataset:c58c9f24', 'sample:4', 'total:5', 'execute', 'result', 'input_image']
clahe_image-image_norm-85eeb56c received tags: ['clahe_image-image_resize-85eeb56c', 'SMImage', 'dataset:c58c9f24', 'sample:3', 'total:5', 'execute', 'result']
clahe_image-image_norm-85eeb56c listening for: input_image
clahe_image-85eeb56c received tags: ['clahe_image-image_norm-85eeb56c', 'SMImage', 'dataset:c58c9f24', 'sample:3', 'total:5', 'execute', 'result']
trachea-torch_seg-85eeb56c listening for: input_image
trachea-torch_seg-85eeb56c received tags: ['clahe_image-85eeb56c', 'SMImage', 'dataset:c58c9f24', 'sample:1', 'total:5', 'execute', 'result', 'clahe_image']
lungs-torch_seg-85eeb56c listening for: input_image
lungs-torch_seg-85eeb56c received tags: ['clahe_image-85eeb56c', 'SMImage', 'dataset:c58c9f24', 'sample:1', 'total:5', 'execute', 'result', 'clahe_image']
lungs-85eeb56c received tags: ['lungs-torch_seg-85eeb56c', 'SMImage', 'dataset:c58c9f24', 'sample:0', 'total:5', 'execute', 'result']
lungs-85eeb56c listening for: target_image
lungs-85eeb56c received tags: ['input_image-85eeb56c', 'SMImage', 'dataset:c58c9f24', 'sample:0', 'total:5', 'execute', 'result', 'input_image']
trachea-mask_morph_close-85eeb56c received tags: ['trachea-torch_seg-85eeb56c', 'SMImage', 'dataset:c58c9f24', 'sample:0', 'total:5', 'execute', 'result']
clahe_image-85eeb56c listening for: input_image
lungs-85eeb56c (dataset='c58c9f24', sample=0, total=5): new image dimensions: (1, 1, 2336, 2836)
trachea-mask_morph_close-85eeb56c listening for: input_image
trachea-mask_orig_size-85eeb56c received tags: ['trachea-mask_morph_close-85eeb56c', 'SMImage', 'dataset:c58c9f24', 'sample:0', 'total:5', 'execute', 'result']
lungs-85eeb56c listening for: input_image
trachea-mask_orig_size-85eeb56c listening for: target_image
trachea-mask_orig_size-85eeb56c received tags: ['input_image-85eeb56c', 'SMImage', 'dataset:c58c9f24', 'sample:0', 'total:5', 'execute', 'result', 'input_image']
lungs-save_png-85eeb56c received tags: ['lungs-85eeb56c', 'SMImage', 'dataset:c58c9f24', 'sample:0', 'total:5', 'execute', 'result', 'lungs']
trachea-torch_seg-85eeb56c listening for: input_image
trachea-torch_seg-85eeb56c received tags: ['clahe_image-85eeb56c', 'SMImage', 'dataset:c58c9f24', 'sample:2', 'total:5', 'execute', 'result', 'clahe_image']
trachea-mask_morph_close-85eeb56c received tags: ['trachea-torch_seg-85eeb56c', 'SMImage', 'dataset:c58c9f24', 'sample:1', 'total:5', 'execute', 'result']
input_image-save_png-85eeb56c listening for: input_image
input_image-save_png-85eeb56c received tags: ['clahe_image-image_norm-85eeb56c', 'SMImage', 'dataset:c58c9f24', 'sample:0', 'total:5', 'execute', 'result']
trachea-mask_orig_size-85eeb56c (dataset='c58c9f24', sample=0, total=5): new image dimensions: (1, 1, 2336, 2836)
trachea-mask_orig_size-85eeb56c listening for: input_image
trachea-conn_comp-85eeb56c received tags: ['trachea-mask_orig_size-85eeb56c', 'SMImage', 'dataset:c58c9f24', 'sample:0', 'total:5', 'execute', 'result']
trachea-mask_morph_close-85eeb56c listening for: input_image
trachea-mask_orig_size-85eeb56c received tags: ['trachea-mask_morph_close-85eeb56c', 'SMImage', 'dataset:c58c9f24', 'sample:1', 'total:5', 'execute', 'result']
trachea-mask_orig_size-85eeb56c listening for: target_image
trachea-mask_orig_size-85eeb56c received tags: ['input_image-85eeb56c', 'SMImage', 'dataset:c58c9f24', 'sample:1', 'total:5', 'execute', 'result', 'input_image']
lungs-torch_seg-85eeb56c listening for: input_image
lungs-torch_seg-85eeb56c received tags: ['clahe_image-85eeb56c', 'SMImage', 'dataset:c58c9f24', 'sample:2', 'total:5', 'execute', 'result', 'clahe_image']
clahe_image-image_resize-85eeb56c (dataset='c58c9f24', sample=4, total=5): new image dimensions: (1, 1, 512, 512)
lungs-85eeb56c received tags: ['lungs-torch_seg-85eeb56c', 'SMImage', 'dataset:c58c9f24', 'sample:1', 'total:5', 'execute', 'result']
lungs-85eeb56c listening for: target_image
lungs-85eeb56c received tags: ['input_image-85eeb56c', 'SMImage', 'dataset:c58c9f24', 'sample:1', 'total:5', 'execute', 'result', 'input_image']
clahe_image-image_resize-85eeb56c listening for: input_image
clahe_image-image_norm-85eeb56c received tags: ['clahe_image-image_resize-85eeb56c', 'SMImage', 'dataset:c58c9f24', 'sample:4', 'total:5', 'execute', 'result']
trachea-torch_seg-85eeb56c listening for: input_image
trachea-torch_seg-85eeb56c received tags: ['clahe_image-85eeb56c', 'SMImage', 'dataset:c58c9f24', 'sample:3', 'total:5', 'execute', 'result', 'clahe_image']
trachea-mask_morph_close-85eeb56c received tags: ['trachea-torch_seg-85eeb56c', 'SMImage', 'dataset:c58c9f24', 'sample:2', 'total:5', 'execute', 'result']
clahe_image-image_norm-85eeb56c listening for: input_image
clahe_image-85eeb56c received tags: ['clahe_image-image_norm-85eeb56c', 'SMImage', 'dataset:c58c9f24', 'sample:4', 'total:5', 'execute', 'result']
trachea-mask_orig_size-85eeb56c (dataset='c58c9f24', sample=1, total=5): new image dimensions: (1, 1, 2544, 3056)
trachea-conn_comp-85eeb56c listening for: input_image
lungs-85eeb56c (dataset='c58c9f24', sample=1, total=5): new image dimensions: (1, 1, 2544, 3056)
trachea-85eeb56c received tags: ['trachea-conn_comp-85eeb56c', 'SMImage', 'dataset:c58c9f24', 'sample:0', 'total:5', 'execute', 'result']
trachea-decision_tree-85eeb56c received tags: ['trachea-conn_comp-85eeb56c', 'SMImage', 'dataset:c58c9f24', 'sample:0', 'total:5', 'execute', 'result']
trachea-mask_orig_size-85eeb56c listening for: input_image
trachea-conn_comp-85eeb56c received tags: ['trachea-mask_orig_size-85eeb56c', 'SMImage', 'dataset:c58c9f24', 'sample:1', 'total:5', 'execute', 'result']
input_image-save_png-85eeb56c listening for: input_image
input_image-save_png-85eeb56c received tags: ['clahe_image-85eeb56c', 'SMImage', 'dataset:c58c9f24', 'sample:0', 'total:5', 'execute', 'result', 'clahe_image']
lungs-85eeb56c listening for: input_image
trachea-mask_morph_close-85eeb56c listening for: input_image
clahe_image-85eeb56c listening for: input_image
trachea-mask_orig_size-85eeb56c received tags: ['trachea-mask_morph_close-85eeb56c', 'SMImage', 'dataset:c58c9f24', 'sample:2', 'total:5', 'execute', 'result']
trachea-mask_orig_size-85eeb56c listening for: target_image
trachea-mask_orig_size-85eeb56c received tags: ['input_image-85eeb56c', 'SMImage', 'dataset:c58c9f24', 'sample:2', 'total:5', 'execute', 'result', 'input_image']
lungs-torch_seg-85eeb56c listening for: input_image
lungs-torch_seg-85eeb56c received tags: ['clahe_image-85eeb56c', 'SMImage', 'dataset:c58c9f24', 'sample:3', 'total:5', 'execute', 'result', 'clahe_image']
lungs-85eeb56c received tags: ['lungs-torch_seg-85eeb56c', 'SMImage', 'dataset:c58c9f24', 'sample:2', 'total:5', 'execute', 'result']
lungs-85eeb56c listening for: target_image
lungs-85eeb56c received tags: ['input_image-85eeb56c', 'SMImage', 'dataset:c58c9f24', 'sample:2', 'total:5', 'execute', 'result', 'input_image']
trachea-85eeb56c listening for: candidate_confidences
trachea-torch_seg-85eeb56c listening for: input_image
trachea-torch_seg-85eeb56c received tags: ['clahe_image-85eeb56c', 'SMImage', 'dataset:c58c9f24', 'sample:4', 'total:5', 'execute', 'result', 'clahe_image']
trachea-decision_tree-85eeb56c (dataset='c58c9f24', sample=0, total=5): 1 candidates received
trachea-decision_tree-85eeb56c (dataset='c58c9f24', sample=0, total=5): reasoning_output: [{'name': 'cand_1', 'features': {'area': 3205.1927547258188}, 'confidence': 1.0, 'prediction_path': 'area 3205.1927547258188 > 300 -> area 3205.1927547258188 <= 10000 -> [0.0, 1.0]'}]
trachea-decision_tree-85eeb56c (dataset='c58c9f24', sample=0, total=5): Highest confidence candidate = {'name': 'cand_1', 'features': {'area': 3205.1927547258188}, 'confidence': 1.0, 'prediction_path': 'area 3205.1927547258188 > 300 -> area 3205.1927547258188 <= 10000 -> [0.0, 1.0]'}
trachea-mask_morph_close-85eeb56c received tags: ['trachea-torch_seg-85eeb56c', 'SMImage', 'dataset:c58c9f24', 'sample:3', 'total:5', 'execute', 'result']
trachea-mask_orig_size-85eeb56c (dataset='c58c9f24', sample=2, total=5): new image dimensions: (1, 1, 2960, 2544)
trachea-conn_comp-85eeb56c listening for: input_image
trachea-mask_orig_size-85eeb56c listening for: input_image
trachea-conn_comp-85eeb56c received tags: ['trachea-mask_orig_size-85eeb56c', 'SMImage', 'dataset:c58c9f24', 'sample:2', 'total:5', 'execute', 'result']
lungs-85eeb56c (dataset='c58c9f24', sample=2, total=5): new image dimensions: (1, 1, 2960, 2544)
lungs-85eeb56c listening for: input_image
trachea-mask_morph_close-85eeb56c listening for: input_image
trachea-mask_orig_size-85eeb56c received tags: ['trachea-mask_morph_close-85eeb56c', 'SMImage', 'dataset:c58c9f24', 'sample:3', 'total:5', 'execute', 'result']
trachea-mask_orig_size-85eeb56c listening for: target_image
trachea-mask_orig_size-85eeb56c received tags: ['input_image-85eeb56c', 'SMImage', 'dataset:c58c9f24', 'sample:3', 'total:5', 'execute', 'result', 'input_image']
lungs-save_png-85eeb56c listening for: input_image
lungs-save_png-85eeb56c received tags: ['input_image-85eeb56c', 'SMImage', 'dataset:c58c9f24', 'sample:1', 'total:5', 'execute', 'result', 'input_image']
lungs-torch_seg-85eeb56c listening for: input_image
input_image-save_png-85eeb56c listening for: input_image
lungs-torch_seg-85eeb56c received tags: ['clahe_image-85eeb56c', 'SMImage', 'dataset:c58c9f24', 'sample:4', 'total:5', 'execute', 'result', 'clahe_image']
input_image-save_png-85eeb56c received tags: ['clahe_image-image_resize-85eeb56c', 'SMImage', 'dataset:c58c9f24', 'sample:1', 'total:5', 'execute', 'result']
lungs-85eeb56c received tags: ['lungs-torch_seg-85eeb56c', 'SMImage', 'dataset:c58c9f24', 'sample:3', 'total:5', 'execute', 'result']
lungs-save_png-85eeb56c listening for: input_mask
trachea-torch_seg-85eeb56c listening for: input_image
lungs-85eeb56c listening for: target_image
lungs-85eeb56c received tags: ['input_image-85eeb56c', 'SMImage', 'dataset:c58c9f24', 'sample:3', 'total:5', 'execute', 'result', 'input_image']
trachea-conn_comp-85eeb56c listening for: input_image
trachea-mask_morph_close-85eeb56c received tags: ['trachea-torch_seg-85eeb56c', 'SMImage', 'dataset:c58c9f24', 'sample:4', 'total:5', 'execute', 'result']
lungs-save_png-85eeb56c received tags: ['lungs-85eeb56c', 'SMImage', 'dataset:c58c9f24', 'sample:1', 'total:5', 'execute', 'result', 'lungs']
trachea-mask_orig_size-85eeb56c (dataset='c58c9f24', sample=3, total=5): new image dimensions: (1, 1, 2544, 3056)
trachea-decision_tree-85eeb56c listening for: candidate_masks
trachea-mask_orig_size-85eeb56c listening for: input_image
trachea-85eeb56c received tags: ['trachea-decision_tree-85eeb56c', 'list', 'dataset:c58c9f24', 'sample:0', 'total:5', 'execute', 'result']
trachea-decision_tree-85eeb56c received tags: ['trachea-conn_comp-85eeb56c', 'SMImage', 'dataset:c58c9f24', 'sample:1', 'total:5', 'execute', 'result']
trachea-85eeb56c (dataset='c58c9f24', sample=0, total=5): candidate_confidences: [{'name': 'cand_1', 'features': {'area': 3205.1927547258188}, 'confidence': 1.0, 'prediction_path': 'area 3205.1927547258188 > 300 -> area 3205.1927547258188 <= 10000 -> [0.0, 1.0]'}]
trachea-conn_comp-85eeb56c received tags: ['trachea-mask_orig_size-85eeb56c', 'SMImage', 'dataset:c58c9f24', 'sample:3', 'total:5', 'execute', 'result']
trachea-mask_morph_close-85eeb56c listening for: input_image
trachea-mask_orig_size-85eeb56c received tags: ['trachea-mask_morph_close-85eeb56c', 'SMImage', 'dataset:c58c9f24', 'sample:4', 'total:5', 'execute', 'result']
trachea-mask_orig_size-85eeb56c listening for: target_image
trachea-mask_orig_size-85eeb56c received tags: ['input_image-85eeb56c', 'SMImage', 'dataset:c58c9f24', 'sample:4', 'total:5', 'execute', 'result', 'input_image']
lungs-85eeb56c (dataset='c58c9f24', sample=3, total=5): new image dimensions: (1, 1, 2544, 3056)
trachea-save_png-85eeb56c received tags: ['trachea-85eeb56c', 'SMImage', 'dataset:c58c9f24', 'sample:0', 'total:5', 'execute', 'result', 'trachea']
trachea-85eeb56c listening for: candidate_masks
trachea-85eeb56c received tags: ['trachea-conn_comp-85eeb56c', 'SMImage', 'dataset:c58c9f24', 'sample:1', 'total:5', 'execute', 'result']
lungs-85eeb56c listening for: input_image
lungs-torch_seg-85eeb56c listening for: input_image
trachea-decision_tree-85eeb56c (dataset='c58c9f24', sample=1, total=5): 1 candidates received
trachea-decision_tree-85eeb56c (dataset='c58c9f24', sample=1, total=5): reasoning_output: [{'name': 'cand_1', 'features': {'area': 3202.494326083382}, 'confidence': 1.0, 'prediction_path': 'area 3202.494326083382 > 300 -> area 3202.494326083382 <= 10000 -> [0.0, 1.0]'}]
trachea-decision_tree-85eeb56c (dataset='c58c9f24', sample=1, total=5): Highest confidence candidate = {'name': 'cand_1', 'features': {'area': 3202.494326083382}, 'confidence': 1.0, 'prediction_path': 'area 3202.494326083382 > 300 -> area 3202.494326083382 <= 10000 -> [0.0, 1.0]'}
trachea-decision_tree-85eeb56c listening for: candidate_masks
trachea-decision_tree-85eeb56c received tags: ['trachea-conn_comp-85eeb56c', 'SMImage', 'dataset:c58c9f24', 'sample:2', 'total:5', 'execute', 'result']
input_image-save_png-85eeb56c listening for: input_image
input_image-save_png-85eeb56c received tags: ['clahe_image-image_norm-85eeb56c', 'SMImage', 'dataset:c58c9f24', 'sample:1', 'total:5', 'execute', 'result']
trachea-mask_orig_size-85eeb56c (dataset='c58c9f24', sample=4, total=5): new image dimensions: (1, 1, 3050, 2539)
trachea-mask_orig_size-85eeb56c listening for: input_image
lungs-85eeb56c received tags: ['lungs-torch_seg-85eeb56c', 'SMImage', 'dataset:c58c9f24', 'sample:4', 'total:5', 'execute', 'result']
lungs-85eeb56c listening for: target_image
lungs-85eeb56c received tags: ['input_image-85eeb56c', 'SMImage', 'dataset:c58c9f24', 'sample:4', 'total:5', 'execute', 'result', 'input_image']
trachea-85eeb56c listening for: candidate_confidences
trachea-85eeb56c received tags: ['trachea-decision_tree-85eeb56c', 'list', 'dataset:c58c9f24', 'sample:1', 'total:5', 'execute', 'result']
trachea-decision_tree-85eeb56c (dataset='c58c9f24', sample=2, total=5): 1 candidates received
trachea-decision_tree-85eeb56c (dataset='c58c9f24', sample=2, total=5): reasoning_output: [{'name': 'cand_1', 'features': {'area': 3038.207866464874}, 'confidence': 1.0, 'prediction_path': 'area 3038.207866464874 > 300 -> area 3038.207866464874 <= 10000 -> [0.0, 1.0]'}]
trachea-decision_tree-85eeb56c (dataset='c58c9f24', sample=2, total=5): Highest confidence candidate = {'name': 'cand_1', 'features': {'area': 3038.207866464874}, 'confidence': 1.0, 'prediction_path': 'area 3038.207866464874 > 300 -> area 3038.207866464874 <= 10000 -> [0.0, 1.0]'}
trachea-decision_tree-85eeb56c listening for: candidate_masks
trachea-85eeb56c (dataset='c58c9f24', sample=1, total=5): candidate_confidences: [{'name': 'cand_1', 'features': {'area': 3202.494326083382}, 'confidence': 1.0, 'prediction_path': 'area 3202.494326083382 > 300 -> area 3202.494326083382 <= 10000 -> [0.0, 1.0]'}]
trachea-conn_comp-85eeb56c listening for: input_image
trachea-conn_comp-85eeb56c received tags: ['trachea-mask_orig_size-85eeb56c', 'SMImage', 'dataset:c58c9f24', 'sample:4', 'total:5', 'execute', 'result']
trachea-85eeb56c listening for: candidate_masks
trachea-85eeb56c received tags: ['trachea-conn_comp-85eeb56c', 'SMImage', 'dataset:c58c9f24', 'sample:2', 'total:5', 'execute', 'result']
trachea-decision_tree-85eeb56c received tags: ['trachea-conn_comp-85eeb56c', 'SMImage', 'dataset:c58c9f24', 'sample:3', 'total:5', 'execute', 'result']
input_image-save_png-85eeb56c listening for: input_image
input_image-save_png-85eeb56c received tags: ['clahe_image-85eeb56c', 'SMImage', 'dataset:c58c9f24', 'sample:1', 'total:5', 'execute', 'result', 'clahe_image']
lungs-85eeb56c (dataset='c58c9f24', sample=4, total=5): new image dimensions: (1, 1, 3050, 2539)
trachea-85eeb56c listening for: candidate_confidences
trachea-85eeb56c received tags: ['trachea-decision_tree-85eeb56c', 'list', 'dataset:c58c9f24', 'sample:2', 'total:5', 'execute', 'result']
trachea-85eeb56c (dataset='c58c9f24', sample=2, total=5): candidate_confidences: [{'name': 'cand_1', 'features': {'area': 3038.207866464874}, 'confidence': 1.0, 'prediction_path': 'area 3038.207866464874 > 300 -> area 3038.207866464874 <= 10000 -> [0.0, 1.0]'}]
trachea-decision_tree-85eeb56c (dataset='c58c9f24', sample=3, total=5): 1 candidates received
trachea-decision_tree-85eeb56c (dataset='c58c9f24', sample=3, total=5): reasoning_output: [{'name': 'cand_1', 'features': {'area': 3299.273213091392}, 'confidence': 1.0, 'prediction_path': 'area 3299.273213091392 > 300 -> area 3299.273213091392 <= 10000 -> [0.0, 1.0]'}]
trachea-decision_tree-85eeb56c (dataset='c58c9f24', sample=3, total=5): Highest confidence candidate = {'name': 'cand_1', 'features': {'area': 3299.273213091392}, 'confidence': 1.0, 'prediction_path': 'area 3299.273213091392 > 300 -> area 3299.273213091392 <= 10000 -> [0.0, 1.0]'}
lungs-85eeb56c listening for: input_image
trachea-decision_tree-85eeb56c listening for: candidate_masks
trachea-85eeb56c listening for: candidate_masks
trachea-85eeb56c received tags: ['trachea-conn_comp-85eeb56c', 'SMImage', 'dataset:c58c9f24', 'sample:3', 'total:5', 'execute', 'result']
trachea-conn_comp-85eeb56c listening for: input_image
trachea-85eeb56c listening for: candidate_confidences
trachea-decision_tree-85eeb56c received tags: ['trachea-conn_comp-85eeb56c', 'SMImage', 'dataset:c58c9f24', 'sample:4', 'total:5', 'execute', 'result']
trachea-85eeb56c received tags: ['trachea-decision_tree-85eeb56c', 'list', 'dataset:c58c9f24', 'sample:3', 'total:5', 'execute', 'result']
trachea-85eeb56c (dataset='c58c9f24', sample=3, total=5): candidate_confidences: [{'name': 'cand_1', 'features': {'area': 3299.273213091392}, 'confidence': 1.0, 'prediction_path': 'area 3299.273213091392 > 300 -> area 3299.273213091392 <= 10000 -> [0.0, 1.0]'}]
trachea-85eeb56c listening for: candidate_masks
trachea-85eeb56c received tags: ['trachea-conn_comp-85eeb56c', 'SMImage', 'dataset:c58c9f24', 'sample:4', 'total:5', 'execute', 'result']
trachea-decision_tree-85eeb56c (dataset='c58c9f24', sample=4, total=5): 1 candidates received
trachea-decision_tree-85eeb56c (dataset='c58c9f24', sample=4, total=5): reasoning_output: [{'name': 'cand_1', 'features': {'area': 2105.5252526621857}, 'confidence': 1.0, 'prediction_path': 'area 2105.5252526621857 > 300 -> area 2105.5252526621857 <= 10000 -> [0.0, 1.0]'}]
trachea-decision_tree-85eeb56c (dataset='c58c9f24', sample=4, total=5): Highest confidence candidate = {'name': 'cand_1', 'features': {'area': 2105.5252526621857}, 'confidence': 1.0, 'prediction_path': 'area 2105.5252526621857 > 300 -> area 2105.5252526621857 <= 10000 -> [0.0, 1.0]'}
trachea-85eeb56c listening for: candidate_confidences
trachea-decision_tree-85eeb56c listening for: candidate_masks
trachea-85eeb56c received tags: ['trachea-decision_tree-85eeb56c', 'list', 'dataset:c58c9f24', 'sample:4', 'total:5', 'execute', 'result']
trachea-85eeb56c (dataset='c58c9f24', sample=4, total=5): candidate_confidences: [{'name': 'cand_1', 'features': {'area': 2105.5252526621857}, 'confidence': 1.0, 'prediction_path': 'area 2105.5252526621857 > 300 -> area 2105.5252526621857 <= 10000 -> [0.0, 1.0]'}]
input_image-save_png-85eeb56c listening for: input_image
input_image-save_png-85eeb56c received tags: ['clahe_image-image_resize-85eeb56c', 'SMImage', 'dataset:c58c9f24', 'sample:2', 'total:5', 'execute', 'result']
trachea-85eeb56c listening for: candidate_masks
lungs-save_png-85eeb56c listening for: input_image
lungs-save_png-85eeb56c received tags: ['input_image-85eeb56c', 'SMImage', 'dataset:c58c9f24', 'sample:2', 'total:5', 'execute', 'result', 'input_image']
lungs-save_png-85eeb56c listening for: input_mask
lungs-save_png-85eeb56c received tags: ['lungs-85eeb56c', 'SMImage', 'dataset:c58c9f24', 'sample:2', 'total:5', 'execute', 'result', 'lungs']
input_image-save_png-85eeb56c listening for: input_image
input_image-save_png-85eeb56c received tags: ['clahe_image-image_norm-85eeb56c', 'SMImage', 'dataset:c58c9f24', 'sample:2', 'total:5', 'execute', 'result']
trachea-save_png-85eeb56c listening for: input_image
trachea-save_png-85eeb56c received tags: ['input_image-85eeb56c', 'SMImage', 'dataset:c58c9f24', 'sample:1', 'total:5', 'execute', 'result', 'input_image']
input_image-save_png-85eeb56c listening for: input_image
input_image-save_png-85eeb56c received tags: ['clahe_image-85eeb56c', 'SMImage', 'dataset:c58c9f24', 'sample:2', 'total:5', 'execute', 'result', 'clahe_image']
trachea-save_png-85eeb56c listening for: input_mask
trachea-save_png-85eeb56c received tags: ['trachea-85eeb56c', 'SMImage', 'dataset:c58c9f24', 'sample:1', 'total:5', 'execute', 'result', 'trachea']
input_image-save_png-85eeb56c listening for: input_image
input_image-save_png-85eeb56c received tags: ['clahe_image-image_resize-85eeb56c', 'SMImage', 'dataset:c58c9f24', 'sample:3', 'total:5', 'execute', 'result']
input_image-save_png-85eeb56c listening for: input_image
input_image-save_png-85eeb56c received tags: ['clahe_image-image_norm-85eeb56c', 'SMImage', 'dataset:c58c9f24', 'sample:3', 'total:5', 'execute', 'result']
lungs-save_png-85eeb56c listening for: input_image
lungs-save_png-85eeb56c received tags: ['input_image-85eeb56c', 'SMImage', 'dataset:c58c9f24', 'sample:3', 'total:5', 'execute', 'result', 'input_image']
lungs-save_png-85eeb56c listening for: input_mask
lungs-save_png-85eeb56c received tags: ['lungs-85eeb56c', 'SMImage', 'dataset:c58c9f24', 'sample:3', 'total:5', 'execute', 'result', 'lungs']
input_image-save_png-85eeb56c listening for: input_image
input_image-save_png-85eeb56c received tags: ['trachea-torch_seg-85eeb56c', 'SMImage', 'dataset:c58c9f24', 'sample:0', 'total:5', 'execute', 'result']
trachea-save_png-85eeb56c listening for: input_image
trachea-save_png-85eeb56c received tags: ['input_image-85eeb56c', 'SMImage', 'dataset:c58c9f24', 'sample:2', 'total:5', 'execute', 'result', 'input_image']
trachea-save_png-85eeb56c listening for: input_mask
trachea-save_png-85eeb56c received tags: ['trachea-85eeb56c', 'SMImage', 'dataset:c58c9f24', 'sample:2', 'total:5', 'execute', 'result', 'trachea']
input_image-save_png-85eeb56c listening for: input_image
input_image-save_png-85eeb56c received tags: ['lungs-torch_seg-85eeb56c', 'SMImage', 'dataset:c58c9f24', 'sample:0', 'total:5', 'execute', 'result']
input_image-save_png-85eeb56c listening for: input_image
input_image-save_png-85eeb56c received tags: ['clahe_image-85eeb56c', 'SMImage', 'dataset:c58c9f24', 'sample:3', 'total:5', 'execute', 'result', 'clahe_image']
lungs-save_png-85eeb56c listening for: input_image
lungs-save_png-85eeb56c received tags: ['input_image-85eeb56c', 'SMImage', 'dataset:c58c9f24', 'sample:4', 'total:5', 'execute', 'result', 'input_image']
input_image-save_png-85eeb56c listening for: input_image
input_image-save_png-85eeb56c received tags: ['trachea-mask_morph_close-85eeb56c', 'SMImage', 'dataset:c58c9f24', 'sample:0', 'total:5', 'execute', 'result']
lungs-save_png-85eeb56c listening for: input_mask
lungs-save_png-85eeb56c received tags: ['lungs-85eeb56c', 'SMImage', 'dataset:c58c9f24', 'sample:4', 'total:5', 'execute', 'result', 'lungs']
input_image-save_png-85eeb56c listening for: input_image
input_image-save_png-85eeb56c received tags: ['lungs-85eeb56c', 'SMImage', 'dataset:c58c9f24', 'sample:0', 'total:5', 'execute', 'result', 'lungs']
trachea-save_png-85eeb56c listening for: input_image
trachea-save_png-85eeb56c received tags: ['input_image-85eeb56c', 'SMImage', 'dataset:c58c9f24', 'sample:3', 'total:5', 'execute', 'result', 'input_image']
trachea-save_png-85eeb56c listening for: input_mask
trachea-save_png-85eeb56c received tags: ['trachea-85eeb56c', 'SMImage', 'dataset:c58c9f24', 'sample:3', 'total:5', 'execute', 'result', 'trachea']
input_image-save_png-85eeb56c listening for: input_image
input_image-save_png-85eeb56c received tags: ['trachea-torch_seg-85eeb56c', 'SMImage', 'dataset:c58c9f24', 'sample:1', 'total:5', 'execute', 'result']
input_image-save_png-85eeb56c listening for: input_image
input_image-save_png-85eeb56c received tags: ['trachea-mask_orig_size-85eeb56c', 'SMImage', 'dataset:c58c9f24', 'sample:0', 'total:5', 'execute', 'result']
lungs-save_png-85eeb56c listening for: input_image
input_image-save_png-85eeb56c listening for: input_image
input_image-save_png-85eeb56c received tags: ['trachea-mask_morph_close-85eeb56c', 'SMImage', 'dataset:c58c9f24', 'sample:1', 'total:5', 'execute', 'result']
trachea-save_png-85eeb56c listening for: input_image
trachea-save_png-85eeb56c received tags: ['input_image-85eeb56c', 'SMImage', 'dataset:c58c9f24', 'sample:4', 'total:5', 'execute', 'result', 'input_image']
trachea-save_png-85eeb56c listening for: input_mask
trachea-save_png-85eeb56c received tags: ['trachea-85eeb56c', 'SMImage', 'dataset:c58c9f24', 'sample:4', 'total:5', 'execute', 'result', 'trachea']
input_image-save_png-85eeb56c listening for: input_image
input_image-save_png-85eeb56c received tags: ['lungs-torch_seg-85eeb56c', 'SMImage', 'dataset:c58c9f24', 'sample:1', 'total:5', 'execute', 'result']
input_image-save_png-85eeb56c listening for: input_image
input_image-save_png-85eeb56c received tags: ['clahe_image-image_resize-85eeb56c', 'SMImage', 'dataset:c58c9f24', 'sample:4', 'total:5', 'execute', 'result']
input_image-save_png-85eeb56c listening for: input_image
input_image-save_png-85eeb56c received tags: ['trachea-torch_seg-85eeb56c', 'SMImage', 'dataset:c58c9f24', 'sample:2', 'total:5', 'execute', 'result']
input_image-save_png-85eeb56c listening for: input_image
input_image-save_png-85eeb56c received tags: ['clahe_image-image_norm-85eeb56c', 'SMImage', 'dataset:c58c9f24', 'sample:4', 'total:5', 'execute', 'result']
trachea-save_png-85eeb56c listening for: input_image
input_image-save_png-85eeb56c listening for: input_image
input_image-save_png-85eeb56c received tags: ['trachea-conn_comp-85eeb56c', 'SMImage', 'dataset:c58c9f24', 'sample:0', 'total:5', 'execute', 'result']
input_image-save_png-85eeb56c listening for: input_image
input_image-save_png-85eeb56c received tags: ['trachea-mask_orig_size-85eeb56c', 'SMImage', 'dataset:c58c9f24', 'sample:1', 'total:5', 'execute', 'result']
input_image-save_png-85eeb56c listening for: input_image
input_image-save_png-85eeb56c received tags: ['lungs-85eeb56c', 'SMImage', 'dataset:c58c9f24', 'sample:1', 'total:5', 'execute', 'result', 'lungs']
input_image-save_png-85eeb56c listening for: input_image
input_image-save_png-85eeb56c received tags: ['trachea-mask_morph_close-85eeb56c', 'SMImage', 'dataset:c58c9f24', 'sample:2', 'total:5', 'execute', 'result']
input_image-save_png-85eeb56c listening for: input_image
input_image-save_png-85eeb56c received tags: ['clahe_image-85eeb56c', 'SMImage', 'dataset:c58c9f24', 'sample:4', 'total:5', 'execute', 'result', 'clahe_image']
input_image-save_png-85eeb56c listening for: input_image
input_image-save_png-85eeb56c received tags: ['lungs-torch_seg-85eeb56c', 'SMImage', 'dataset:c58c9f24', 'sample:2', 'total:5', 'execute', 'result']
input_image-save_png-85eeb56c listening for: input_image
input_image-save_png-85eeb56c received tags: ['trachea-torch_seg-85eeb56c', 'SMImage', 'dataset:c58c9f24', 'sample:3', 'total:5', 'execute', 'result']
input_image-save_png-85eeb56c listening for: input_image
input_image-save_png-85eeb56c received tags: ['trachea-conn_comp-85eeb56c', 'SMImage', 'dataset:c58c9f24', 'sample:1', 'total:5', 'execute', 'result']
input_image-save_png-85eeb56c listening for: input_image
input_image-save_png-85eeb56c received tags: ['trachea-mask_orig_size-85eeb56c', 'SMImage', 'dataset:c58c9f24', 'sample:2', 'total:5', 'execute', 'result']
input_image-save_png-85eeb56c listening for: input_image
input_image-save_png-85eeb56c received tags: ['lungs-85eeb56c', 'SMImage', 'dataset:c58c9f24', 'sample:2', 'total:5', 'execute', 'result', 'lungs']
input_image-save_png-85eeb56c listening for: input_image
input_image-save_png-85eeb56c received tags: ['trachea-mask_morph_close-85eeb56c', 'SMImage', 'dataset:c58c9f24', 'sample:3', 'total:5', 'execute', 'result']
input_image-save_png-85eeb56c listening for: input_image
input_image-save_png-85eeb56c received tags: ['lungs-torch_seg-85eeb56c', 'SMImage', 'dataset:c58c9f24', 'sample:3', 'total:5', 'execute', 'result']
input_image-save_png-85eeb56c listening for: input_image
input_image-save_png-85eeb56c received tags: ['trachea-conn_comp-85eeb56c', 'SMImage', 'dataset:c58c9f24', 'sample:2', 'total:5', 'execute', 'result']
input_image-save_png-85eeb56c listening for: input_image
input_image-save_png-85eeb56c received tags: ['trachea-torch_seg-85eeb56c', 'SMImage', 'dataset:c58c9f24', 'sample:4', 'total:5', 'execute', 'result']
input_image-save_png-85eeb56c listening for: input_image
input_image-save_png-85eeb56c received tags: ['trachea-mask_orig_size-85eeb56c', 'SMImage', 'dataset:c58c9f24', 'sample:3', 'total:5', 'execute', 'result']
input_image-save_png-85eeb56c listening for: input_image
input_image-save_png-85eeb56c received tags: ['trachea-mask_morph_close-85eeb56c', 'SMImage', 'dataset:c58c9f24', 'sample:4', 'total:5', 'execute', 'result']
input_image-save_png-85eeb56c listening for: input_image
input_image-save_png-85eeb56c received tags: ['trachea-85eeb56c', 'SMImage', 'dataset:c58c9f24', 'sample:0', 'total:5', 'execute', 'result', 'trachea']
input_image-save_png-85eeb56c listening for: input_image
input_image-save_png-85eeb56c received tags: ['lungs-85eeb56c', 'SMImage', 'dataset:c58c9f24', 'sample:3', 'total:5', 'execute', 'result', 'lungs']
input_image-save_png-85eeb56c listening for: input_image
input_image-save_png-85eeb56c received tags: ['lungs-torch_seg-85eeb56c', 'SMImage', 'dataset:c58c9f24', 'sample:4', 'total:5', 'execute', 'result']
input_image-save_png-85eeb56c listening for: input_image
input_image-save_png-85eeb56c received tags: ['trachea-mask_orig_size-85eeb56c', 'SMImage', 'dataset:c58c9f24', 'sample:4', 'total:5', 'execute', 'result']
input_image-save_png-85eeb56c listening for: input_image
input_image-save_png-85eeb56c received tags: ['trachea-conn_comp-85eeb56c', 'SMImage', 'dataset:c58c9f24', 'sample:3', 'total:5', 'execute', 'result']
input_image-save_png-85eeb56c listening for: input_image
input_image-save_png-85eeb56c received tags: ['trachea-85eeb56c', 'SMImage', 'dataset:c58c9f24', 'sample:1', 'total:5', 'execute', 'result', 'trachea']
input_image-save_png-85eeb56c listening for: input_image
input_image-save_png-85eeb56c received tags: ['lungs-85eeb56c', 'SMImage', 'dataset:c58c9f24', 'sample:4', 'total:5', 'execute', 'result', 'lungs']
input_image-save_png-85eeb56c listening for: input_image
input_image-save_png-85eeb56c received tags: ['trachea-85eeb56c', 'SMImage', 'dataset:c58c9f24', 'sample:2', 'total:5', 'execute', 'result', 'trachea']
input_image-save_png-85eeb56c listening for: input_image
input_image-save_png-85eeb56c received tags: ['trachea-conn_comp-85eeb56c', 'SMImage', 'dataset:c58c9f24', 'sample:4', 'total:5', 'execute', 'result']
input_image-save_png-85eeb56c listening for: input_image
input_image-save_png-85eeb56c received tags: ['trachea-85eeb56c', 'SMImage', 'dataset:c58c9f24', 'sample:3', 'total:5', 'execute', 'result', 'trachea']
input_image-save_png-85eeb56c listening for: input_image
input_image-save_png-85eeb56c received tags: ['trachea-85eeb56c', 'SMImage', 'dataset:c58c9f24', 'sample:4', 'total:5', 'execute', 'result', 'trachea']
input_image-save_png-85eeb56c listening for: input_image
